<?xml version="1.0" encoding="UTF-8"?>
<!-- Generated by org.testng.reporters.JUnitXMLReporter -->
<testsuite ignored="0" hostname="VikashSharma" failures="0" tests="10" name="Surefire test" time="18.921" errors="0" timestamp="2024-10-20T17:28:21 IST">
  <testcase classname="api.test.DDTest" name="testPostuser" time="3.165"/>
  <testcase classname="api.test.DDTest" name="testPostuser" time="1.278"/>
  <testcase classname="api.test.DDTest" name="testPostuser" time="1.556"/>
  <testcase classname="api.test.DDTest" name="testDeleteUserByName" time="1.714"/>
  <testcase classname="api.test.DDTest" name="testDeleteUserByName" time="1.425"/>
  <testcase classname="api.test.DDTest" name="testDeleteUserByName" time="1.604"/>
  <testcase classname="api.test.userTest" name="testPostUser" time="1.411"/>
  <testcase classname="api.test.userTest" name="testGetUserDetails" time="1.478"/>
  <testcase classname="api.test.userTest" name="testUpdateUserDetails" time="1.904"/>
  <testcase classname="api.test.userTest" name="testDeleteUserDetails" time="1.654"/>
</testsuite> <!-- Surefire test -->
