<?xml version="1.0" encoding="UTF-8"?>
<!-- Generated by org.testng.reporters.JUnitXMLReporter -->
<testsuite ignored="0" hostname="VikashSharma" failures="0" tests="4" name="Default test" time="13.924" errors="0" timestamp="2024-10-20T16:52:26 IST">
  <testcase classname="api.test.userTest2" name="testPostUser" time="6.846"/>
  <testcase classname="api.test.userTest2" name="testGetUserDetails" time="1.817"/>
  <testcase classname="api.test.userTest2" name="testUpdateUserDetails" time="2.589"/>
  <testcase classname="api.test.userTest2" name="testDeleteUserDetails" time="1.703"/>
</testsuite> <!-- Default test -->
