<?xml version="1.0" encoding="UTF-8"?>
<testng-results ignored="0" total="4" passed="4" failed="0" skipped="0">
  <reporter-output>
  </reporter-output>
  <suite started-at="2024-10-20T20:32:31 IST" name="PetSuite" finished-at="2024-10-20T20:32:41 IST" duration-ms="9494">
    <groups>
    </groups>
    <test started-at="2024-10-20T20:32:31 IST" name="PetTest" finished-at="2024-10-20T20:32:41 IST" duration-ms="9494">
      <class name="api.test.userTest">
        <test-method is-config="true" signature="setUpData()[pri:0, instance:api.test.userTest@7334aada]" started-at="2024-10-20T20:32:31 IST" name="setUpData" finished-at="2024-10-20T20:32:32 IST" duration-ms="567" status="PASS">
          <reporter-output>
          </reporter-output>
        </test-method> <!-- setUpData -->
        <test-method signature="testPostUser()[pri:1, instance:api.test.userTest@7334aada]" started-at="2024-10-20T20:32:32 IST" name="testPostUser" finished-at="2024-10-20T20:32:36 IST" duration-ms="3877" status="PASS">
          <reporter-output>
          </reporter-output>
        </test-method> <!-- testPostUser -->
        <test-method signature="testGetUserDetails()[pri:2, instance:api.test.userTest@7334aada]" started-at="2024-10-20T20:32:36 IST" name="testGetUserDetails" finished-at="2024-10-20T20:32:38 IST" duration-ms="1658" status="PASS">
          <reporter-output>
          </reporter-output>
        </test-method> <!-- testGetUserDetails -->
        <test-method signature="testUpdateUserDetails()[pri:3, instance:api.test.userTest@7334aada]" started-at="2024-10-20T20:32:38 IST" name="testUpdateUserDetails" finished-at="2024-10-20T20:32:39 IST" duration-ms="1619" status="PASS">
          <reporter-output>
          </reporter-output>
        </test-method> <!-- testUpdateUserDetails -->
        <test-method signature="testDeleteUserDetails()[pri:4, instance:api.test.userTest@7334aada]" started-at="2024-10-20T20:32:39 IST" name="testDeleteUserDetails" finished-at="2024-10-20T20:32:41 IST" duration-ms="1576" status="PASS">
          <reporter-output>
          </reporter-output>
        </test-method> <!-- testDeleteUserDetails -->
      </class> <!-- api.test.userTest -->
    </test> <!-- PetTest -->
  </suite> <!-- PetSuite -->
</testng-results>
