<?xml version="1.0" encoding="UTF-8"?>
<testsuite xmlns:xsi="http://www.w3.org/2001/XMLSchema-instance" xsi:noNamespaceSchemaLocation="https://maven.apache.org/surefire/maven-surefire-plugin/xsd/surefire-test-report-3.0.xsd" version="3.0" name="TestSuite" time="12.765" tests="4" errors="0" skipped="0" failures="0">
  <properties>
[...]
</properties>
  <testcase name="testPostUser" classname="api.test.userTest" time="5.47">
    <system-out><![CDATA[HTTP/1.1 200 OK
Date: Sun, 20 Oct 2024 12:27:47 GMT
Content-Type: application/json
Transfer-Encoding: chunked
Connection: keep-alive
Access-Control-Allow-Origin: *
Access-Control-Allow-Methods: GET, POST, DELETE, PUT
Access-Control-Allow-Headers: Content-Type, api_key, Authorization
Server: Jetty(9.2.9.v20150224)

{
    "code": 200,
    "type": "unknown",
    "message": "ok"
}
]]></system-out>
    <system-err><![CDATA[SLF4J: Failed to load class "org.slf4j.impl.StaticLoggerBinder".
SLF4J: Defaulting to no-operation (NOP) logger implementation
SLF4J: See http://www.slf4j.org/codes.html#StaticLoggerBinder for further details.
]]></system-err>
  </testcase>
  <testcase name="testGetUserDetails" classname="api.test.userTest" time="1.457">
    <system-out><![CDATA[HTTP/1.1 200 OK
Date: Sun, 20 Oct 2024 12:27:49 GMT
Content-Type: application/json
Transfer-Encoding: chunked
Connection: keep-alive
Access-Control-Allow-Origin: *
Access-Control-Allow-Methods: GET, POST, DELETE, PUT
Access-Control-Allow-Headers: Content-Type, api_key, Authorization
Server: Jetty(9.2.9.v20150224)

{
    "id": 483797427,
    "username": "elroy.buckridge",
    "firstName": "Sina",
    "lastName": "Grady",
    "email": "josh.altenwerth@example.com",
    "password": "b7bt9rg",
    "phone": "323-313-1482",
    "userStatus": 0
}
]]></system-out>
  </testcase>
  <testcase name="testUpdateUserDetails" classname="api.test.userTest" time="2.295">
    <system-out><![CDATA[HTTP/1.1 200 OK
Date: Sun, 20 Oct 2024 12:27:51 GMT
Content-Type: application/json
Transfer-Encoding: chunked
Connection: keep-alive
Access-Control-Allow-Origin: *
Access-Control-Allow-Methods: GET, POST, DELETE, PUT
Access-Control-Allow-Headers: Content-Type, api_key, Authorization
Server: Jetty(9.2.9.v20150224)

{
    "code": 200,
    "type": "unknown",
    "message": "483797427"
}
]]></system-out>
  </testcase>
  <testcase name="testDeleteUserDetails" classname="api.test.userTest" time="1.651">
    <system-out><![CDATA[HTTP/1.1 200 OK
Date: Sun, 20 Oct 2024 12:27:53 GMT
Content-Type: application/json
Transfer-Encoding: chunked
Connection: keep-alive
Access-Control-Allow-Origin: *
Access-Control-Allow-Methods: GET, POST, DELETE, PUT
Access-Control-Allow-Headers: Content-Type, api_key, Authorization
Server: Jetty(9.2.9.v20150224)

{
    "code": 200,
    "type": "unknown",
    "message": "elroy.buckridge"
}
]]></system-out>
  </testcase>
</testsuite>