<?xml version="1.0" encoding="UTF-8"?>
<testng-results ignored="0" total="4" passed="4" failed="0" skipped="0">
  <reporter-output>
  </reporter-output>
  <suite started-at="2024-10-20T17:57:42 IST" name="PetSuite" finished-at="2024-10-20T17:57:54 IST" duration-ms="11729">
    <groups>
    </groups>
    <test started-at="2024-10-20T17:57:42 IST" name="PetTest" finished-at="2024-10-20T17:57:54 IST" duration-ms="11729">
      <class name="api.test.userTest">
        <test-method is-config="true" signature="setUpData()[pri:0, instance:api.test.userTest@7334aada]" started-at="2024-10-20T17:57:42 IST" name="setUpData" finished-at="2024-10-20T17:57:43 IST" duration-ms="635" status="PASS">
          <reporter-output>
          </reporter-output>
        </test-method> <!-- setUpData -->
        <test-method signature="testPostUser()[pri:1, instance:api.test.userTest@7334aada]" started-at="2024-10-20T17:57:43 IST" name="testPostUser" finished-at="2024-10-20T17:57:48 IST" duration-ms="5459" status="PASS">
          <reporter-output>
          </reporter-output>
        </test-method> <!-- testPostUser -->
        <test-method signature="testGetUserDetails()[pri:2, instance:api.test.userTest@7334aada]" started-at="2024-10-20T17:57:48 IST" name="testGetUserDetails" finished-at="2024-10-20T17:57:50 IST" duration-ms="1452" status="PASS">
          <reporter-output>
          </reporter-output>
        </test-method> <!-- testGetUserDetails -->
        <test-method signature="testUpdateUserDetails()[pri:3, instance:api.test.userTest@7334aada]" started-at="2024-10-20T17:57:50 IST" name="testUpdateUserDetails" finished-at="2024-10-20T17:57:52 IST" duration-ms="2294" status="PASS">
          <reporter-output>
          </reporter-output>
        </test-method> <!-- testUpdateUserDetails -->
        <test-method signature="testDeleteUserDetails()[pri:4, instance:api.test.userTest@7334aada]" started-at="2024-10-20T17:57:52 IST" name="testDeleteUserDetails" finished-at="2024-10-20T17:57:54 IST" duration-ms="1649" status="PASS">
          <reporter-output>
          </reporter-output>
        </test-method> <!-- testDeleteUserDetails -->
      </class> <!-- api.test.userTest -->
    </test> <!-- PetTest -->
  </suite> <!-- PetSuite -->
</testng-results>
