<?xml version="1.0" encoding="UTF-8"?>
<testng-results ignored="0" total="4" passed="4" failed="0" skipped="0">
  <reporter-output>
  </reporter-output>
  <suite started-at="2024-10-20T17:28:38 IST" name="PetSuite" finished-at="2024-10-20T17:28:47 IST" duration-ms="8648">
    <groups>
    </groups>
    <test started-at="2024-10-20T17:28:38 IST" name="PetTest" finished-at="2024-10-20T17:28:47 IST" duration-ms="8648">
      <class name="api.test.userTest">
        <test-method is-config="true" signature="setUpData()[pri:0, instance:api.test.userTest@5afa3c9]" started-at="2024-10-20T17:28:38 IST" name="setUpData" finished-at="2024-10-20T17:28:39 IST" duration-ms="667" status="PASS">
          <reporter-output>
          </reporter-output>
        </test-method> <!-- setUpData -->
        <test-method signature="testPostUser()[pri:1, instance:api.test.userTest@5afa3c9]" started-at="2024-10-20T17:28:39 IST" name="testPostUser" finished-at="2024-10-20T17:28:42 IST" duration-ms="2881" status="PASS">
          <reporter-output>
          </reporter-output>
        </test-method> <!-- testPostUser -->
        <test-method signature="testGetUserDetails()[pri:2, instance:api.test.userTest@5afa3c9]" started-at="2024-10-20T17:28:42 IST" name="testGetUserDetails" finished-at="2024-10-20T17:28:43 IST" duration-ms="1665" status="PASS">
          <reporter-output>
          </reporter-output>
        </test-method> <!-- testGetUserDetails -->
        <test-method signature="testUpdateUserDetails()[pri:3, instance:api.test.userTest@5afa3c9]" started-at="2024-10-20T17:28:43 IST" name="testUpdateUserDetails" finished-at="2024-10-20T17:28:45 IST" duration-ms="1788" status="PASS">
          <reporter-output>
          </reporter-output>
        </test-method> <!-- testUpdateUserDetails -->
        <test-method signature="testDeleteUserDetails()[pri:4, instance:api.test.userTest@5afa3c9]" started-at="2024-10-20T17:28:45 IST" name="testDeleteUserDetails" finished-at="2024-10-20T17:28:47 IST" duration-ms="1406" status="PASS">
          <reporter-output>
          </reporter-output>
        </test-method> <!-- testDeleteUserDetails -->
      </class> <!-- api.test.userTest -->
    </test> <!-- PetTest -->
  </suite> <!-- PetSuite -->
</testng-results>
