<?xml version="1.0" encoding="UTF-8"?>
<!-- Generated by org.testng.reporters.JUnitXMLReporter -->
<testsuite ignored="0" hostname="VikashSharma" failures="0" tests="4" name="PetTest" time="11.729" errors="0" timestamp="2024-10-20T17:57:54 IST">
  <testcase classname="api.test.userTest" name="testPostUser" time="5.459"/>
  <testcase classname="api.test.userTest" name="testGetUserDetails" time="1.452"/>
  <testcase classname="api.test.userTest" name="testUpdateUserDetails" time="2.294"/>
  <testcase classname="api.test.userTest" name="testDeleteUserDetails" time="1.649"/>
</testsuite> <!-- PetTest -->
