<?xml version="1.0" encoding="UTF-8"?>
<!-- Generated by org.testng.reporters.JUnitXMLReporter -->
<testsuite ignored="0" hostname="VikashSharma" failures="0" tests="4" name="PetTest" time="9.494" errors="0" timestamp="2024-10-20T20:32:41 IST">
  <testcase classname="api.test.userTest" name="testPostUser" time="3.877"/>
  <testcase classname="api.test.userTest" name="testGetUserDetails" time="1.658"/>
  <testcase classname="api.test.userTest" name="testUpdateUserDetails" time="1.619"/>
  <testcase classname="api.test.userTest" name="testDeleteUserDetails" time="1.576"/>
</testsuite> <!-- PetTest -->
