<?xml version="1.0" encoding="UTF-8"?>
<!-- Generated by org.testng.reporters.JUnitXMLReporter -->
<testsuite ignored="0" hostname="VikashSharma" failures="0" tests="4" name="PetTest" time="8.648" errors="0" timestamp="2024-10-20T17:28:47 IST">
  <testcase classname="api.test.userTest" name="testPostUser" time="2.881"/>
  <testcase classname="api.test.userTest" name="testGetUserDetails" time="1.665"/>
  <testcase classname="api.test.userTest" name="testUpdateUserDetails" time="1.788"/>
  <testcase classname="api.test.userTest" name="testDeleteUserDetails" time="1.406"/>
</testsuite> <!-- PetTest -->
